<?xml version="1.0" encoding="UTF-8"?>
<testng-results skipped="0" failed="1" ignored="0" total="1" passed="0">
  <reporter-output>
  </reporter-output>
  <suite name="Default suite" duration-ms="36502" started-at="2021-09-14T08:42:38 IST" finished-at="2021-09-14T08:43:15 IST">
    <groups>
    </groups>
    <test name="Default test" duration-ms="36502" started-at="2021-09-14T08:42:38 IST" finished-at="2021-09-14T08:43:15 IST">
      <class name="seleniumClass.EmployeeTest">
        <test-method status="PASS" signature="openUrl()[pri:0, instance:seleniumClass.EmployeeTest@32d2fa64]" name="openUrl" is-config="true" duration-ms="22424" started-at="2021-09-14T08:42:38 IST" finished-at="2021-09-14T08:43:01 IST">
          <reporter-output>
          </reporter-output>
        </test-method> <!-- openUrl -->
        <test-method status="FAIL" signature="employeeInfo()[pri:0, instance:seleniumClass.EmployeeTest@32d2fa64]" name="employeeInfo" duration-ms="11689" started-at="2021-09-14T08:43:01 IST" finished-at="2021-09-14T08:43:12 IST">
          <exception class="java.lang.AssertionError">
            <message>
              <![CDATA[expected [Odis] but found [Odiss]]]>
            </message>
            <full-stacktrace>
              <![CDATA[java.lang.AssertionError: expected [Odis] but found [Odiss]
at org.testng.Assert.fail(Assert.java:99)
at org.testng.Assert.failNotEquals(Assert.java:1037)
at org.testng.Assert.assertEqualsImpl(Assert.java:140)
at org.testng.Assert.assertEquals(Assert.java:122)
at org.testng.Assert.assertEquals(Assert.java:629)
at org.testng.Assert.assertEquals(Assert.java:639)
at seleniumClass.EmployeeTest.employeeInfo(EmployeeTest.java:40)
at sun.reflect.NativeMethodAccessorImpl.invoke0(Native Method)
at sun.reflect.NativeMethodAccessorImpl.invoke(Unknown Source)
at sun.reflect.DelegatingMethodAccessorImpl.invoke(Unknown Source)
at java.lang.reflect.Method.invoke(Unknown Source)
at org.testng.internal.MethodInvocationHelper.invokeMethod(MethodInvocationHelper.java:132)
at org.testng.internal.TestInvoker.invokeMethod(TestInvoker.java:599)
at org.testng.internal.TestInvoker.invokeTestMethod(TestInvoker.java:174)
at org.testng.internal.MethodRunner.runInSequence(MethodRunner.java:46)
at org.testng.internal.TestInvoker$MethodInvocationAgent.invoke(TestInvoker.java:822)
at org.testng.internal.TestInvoker.invokeTestMethods(TestInvoker.java:147)
at org.testng.internal.TestMethodWorker.invokeTestMethods(TestMethodWorker.java:146)
at org.testng.internal.TestMethodWorker.run(TestMethodWorker.java:128)
at java.util.ArrayList.forEach(Unknown Source)
at org.testng.TestRunner.privateRun(TestRunner.java:764)
at org.testng.TestRunner.run(TestRunner.java:585)
at org.testng.SuiteRunner.runTest(SuiteRunner.java:384)
at org.testng.SuiteRunner.runSequentially(SuiteRunner.java:378)
at org.testng.SuiteRunner.privateRun(SuiteRunner.java:337)
at org.testng.SuiteRunner.run(SuiteRunner.java:286)
at org.testng.SuiteRunnerWorker.runSuite(SuiteRunnerWorker.java:53)
at org.testng.SuiteRunnerWorker.run(SuiteRunnerWorker.java:96)
at org.testng.TestNG.runSuitesSequentially(TestNG.java:1218)
at org.testng.TestNG.runSuitesLocally(TestNG.java:1140)
at org.testng.TestNG.runSuites(TestNG.java:1069)
at org.testng.TestNG.run(TestNG.java:1037)
at org.testng.remote.AbstractRemoteTestNG.run(AbstractRemoteTestNG.java:115)
at org.testng.remote.RemoteTestNG.initAndRun(RemoteTestNG.java:251)
at org.testng.remote.RemoteTestNG.main(RemoteTestNG.java:77)
]]>
            </full-stacktrace>
          </exception> <!-- java.lang.AssertionError -->
          <reporter-output>
          </reporter-output>
        </test-method> <!-- employeeInfo -->
        <test-method status="PASS" signature="logout()[pri:0, instance:seleniumClass.EmployeeTest@32d2fa64]" name="logout" is-config="true" duration-ms="2308" started-at="2021-09-14T08:43:12 IST" finished-at="2021-09-14T08:43:15 IST">
          <reporter-output>
          </reporter-output>
        </test-method> <!-- logout -->
      </class> <!-- seleniumClass.EmployeeTest -->
    </test> <!-- Default test -->
  </suite> <!-- Default suite -->
</testng-results>
